-------------------------------------------------------------------------------
Test set: com.calculator.CalculatorTest
-------------------------------------------------------------------------------
Tests run: 1, Failures: 1, Errors: 0, Skipped: 0, Time elapsed: 0.088 s <<< FAILURE! - in com.calculator.CalculatorTest
testInvalidOperator(com.calculator.CalculatorTest)  Time elapsed: 0.012 s  <<< FAILURE!
org.junit.ComparisonFailure: expected:<Operator [tidak valid: =]> but was:<Operator [yang boleh diinputkan adalah +, -, *, atau /]>
	at com.calculator.CalculatorTest.testInvalidOperator(CalculatorTest.java:73)

