-------------------------------------------------------------------------------
Test set: com.calculator.CalculatorTest
-------------------------------------------------------------------------------
Tests run: 4, Failures: 1, Errors: 0, Skipped: 0, Time elapsed: 0.129 s <<< FAILURE! - in com.calculator.CalculatorTest
testDivision(com.calculator.CalculatorTest)  Time elapsed: 0.007 s  <<< FAILURE!
java.lang.AssertionError: expected:<0.375> but was:<0.0>
	at com.calculator.CalculatorTest.testDivision(CalculatorTest.java:62)

