-------------------------------------------------------------------------------
Test set: com.calculator.ValidationTest
-------------------------------------------------------------------------------
Tests run: 1, Failures: 1, Errors: 0, Skipped: 0, Time elapsed: 0.239 s <<< FAILURE! - in com.calculator.ValidationTest
testOperandRangeValidation(com.calculator.ValidationTest)  Time elapsed: 0.025 s  <<< FAILURE!
java.lang.AssertionError: Expected IllegalArgumentException was not thrown
	at com.calculator.ValidationTest.testOperandRangeValidation(ValidationTest.java:14)

