<?xml version="1.0" encoding="UTF-8"?>
<testsuite xmlns:xsi="http://www.w3.org/2001/XMLSchema-instance" xsi:noNamespaceSchemaLocation="https://maven.apache.org/surefire/maven-surefire-plugin/xsd/surefire-test-report.xsd" name="com.calculator.MainAppTest" time="0" tests="8" errors="0" skipped="0" failures="0">
  <properties>
[...]
</properties>
  <testcase name="testInputOperand2AsChar" classname="com.calculator.MainAppTest" time="0"/>
  <testcase name="testInputOperand1AsFloat" classname="com.calculator.MainAppTest" time="0"/>
  <testcase name="testInputOperandOutOfRange" classname="com.calculator.MainAppTest" time="0"/>
  <testcase name="testUndefinedResult" classname="com.calculator.MainAppTest" time="0"/>
  <testcase name="testInputOperand2AsFloat" classname="com.calculator.MainAppTest" time="0"/>
  <testcase name="testInputTwoOperandsAndAnOperation" classname="com.calculator.MainAppTest" time="0"/>
  <testcase name="testInputOperand1AsChar" classname="com.calculator.MainAppTest" time="0"/>
  <testcase name="testInputInvalidOperator" classname="com.calculator.MainAppTest" time="0"/>
</testsuite>