<?xml version="1.0" encoding="UTF-8"?>
<testsuite xmlns:xsi="http://www.w3.org/2001/XMLSchema-instance" xsi:noNamespaceSchemaLocation="https://maven.apache.org/surefire/maven-surefire-plugin/xsd/surefire-test-report.xsd" name="com.calculator.CalculatorTest" time="0.129" tests="4" errors="0" skipped="0" failures="1">
  <properties>
[...]
</properties>
  <testcase name="testMultiplication" classname="com.calculator.CalculatorTest" time="0.005"/>
  <testcase name="testAddition" classname="com.calculator.CalculatorTest" time="0"/>
  <testcase name="testDivision" classname="com.calculator.CalculatorTest" time="0.007">
    <failure message="expected:&lt;0.375&gt; but was:&lt;0.0&gt;" type="java.lang.AssertionError"><![CDATA[java.lang.AssertionError: expected:<0.375> but was:<0.0>
	at com.calculator.CalculatorTest.testDivision(CalculatorTest.java:62)
]]></failure>
  </testcase>
  <testcase name="testSubtraction" classname="com.calculator.CalculatorTest" time="0.007"/>
</testsuite>